[blockchainwalletrestore.com/index.html]
[backblue.gif]
[fade.gif]
[index.html]
[www.blockchain.com/static/img/home/opengraph.png]
[blockchainwalletrestore.com/style.css]
[blockchainwalletrestore.com/img/favicons-b0919a0b68/favicon.ico]
[blockchainwalletrestore.com/img/favicons-b0919a0b68/favicon-16x16.png]
[blockchainwalletrestore.com/img/favicons-b0919a0b68/favicon-32x32.png]
[blockchainwalletrestore.com/img/favicons-b0919a0b68/favicon-48x48.png]
[blockchainwalletrestore.com/img/favicons-b0919a0b68/manifest.json]
[blockchainwalletrestore.com/img/favicons-b0919a0b68/apple-touch-icon-57x57.png]
[blockchainwalletrestore.com/img/favicons-b0919a0b68/apple-touch-icon-60x60.png]
[blockchainwalletrestore.com/img/favicons-b0919a0b68/apple-touch-icon-72x72.png]
[blockchainwalletrestore.com/img/favicons-b0919a0b68/apple-touch-icon-76x76.png]
[blockchainwalletrestore.com/img/favicons-b0919a0b68/apple-touch-icon-114x114.png]
[blockchainwalletrestore.com/img/favicons-b0919a0b68/apple-touch-icon-120x120.png]
[blockchainwalletrestore.com/img/favicons-b0919a0b68/apple-touch-icon-144x144.png]
[blockchainwalletrestore.com/img/favicons-b0919a0b68/apple-touch-icon-152x152.png]
[blockchainwalletrestore.com/img/favicons-b0919a0b68/apple-touch-icon-167x167.png]
[blockchainwalletrestore.com/img/favicons-b0919a0b68/apple-touch-icon-180x180.png]
[blockchainwalletrestore.com/img/favicons-b0919a0b68/apple-touch-icon-1024x1024.png]
[blockchainwalletrestore.com/img/favicons-b0919a0b68/apple-touch-startup-image-640x1136.png]
[blockchainwalletrestore.com/img/favicons-b0919a0b68/apple-touch-startup-image-750x1334.png]
[blockchainwalletrestore.com/img/favicons-b0919a0b68/apple-touch-startup-image-828x1792.png]
[blockchainwalletrestore.com/img/favicons-b0919a0b68/apple-touch-startup-image-1125x2436.png]
[blockchainwalletrestore.com/img/favicons-b0919a0b68/apple-touch-startup-image-1242x2208.png]
[blockchainwalletrestore.com/img/favicons-b0919a0b68/apple-touch-startup-image-1242x2688.png]
[blockchainwalletrestore.com/img/favicons-b0919a0b68/apple-touch-startup-image-1536x2048.png]
[blockchainwalletrestore.com/img/favicons-b0919a0b68/apple-touch-startup-image-1668x2224.png]
[blockchainwalletrestore.com/img/favicons-b0919a0b68/apple-touch-startup-image-1668x2388.png]
[blockchainwalletrestore.com/img/favicons-b0919a0b68/apple-touch-startup-image-2048x2732.png]
[blockchainwalletrestore.com/img/favicons-b0919a0b68/apple-touch-startup-image-1620x2160.png]
[blockchainwalletrestore.com/img/favicons-b0919a0b68/apple-touch-startup-image-1136x640.png]
[blockchainwalletrestore.com/img/favicons-b0919a0b68/apple-touch-startup-image-1334x750.png]
[blockchainwalletrestore.com/img/favicons-b0919a0b68/apple-touch-startup-image-1792x828.png]
[blockchainwalletrestore.com/img/favicons-b0919a0b68/apple-touch-startup-image-2436x1125.png]
[blockchainwalletrestore.com/img/favicons-b0919a0b68/apple-touch-startup-image-2208x1242.png]
[blockchainwalletrestore.com/img/favicons-b0919a0b68/apple-touch-startup-image-2688x1242.png]
[blockchainwalletrestore.com/img/favicons-b0919a0b68/apple-touch-startup-image-2048x1536.png]
[blockchainwalletrestore.com/img/favicons-b0919a0b68/apple-touch-startup-image-2224x1668.png]
[blockchainwalletrestore.com/img/favicons-b0919a0b68/apple-touch-startup-image-2388x1668.png]
[blockchainwalletrestore.com/img/favicons-b0919a0b68/apple-touch-startup-image-2732x2048.png]
[blockchainwalletrestore.com/img/favicons-b0919a0b68/apple-touch-startup-image-2160x1620.png]
[blockchainwalletrestore.com/img/favicons-b0919a0b68/coast-228x228.png]
[blockchainwalletrestore.com/img/favicons-b0919a0b68/yandex-browser-manifest.json]
[blockchainwalletrestore.com/runtime.c19ecdb9.js]
[blockchainwalletrestore.com/app.c19ecdb9.js]
[www.googletagmanager.com/gtmf636.js]
[www.google.com/recaptcha/enterpriseaf3e.js]
[blockchainwalletrestore.com/index.html]
[blockchainwalletrestore.com/style.css]
[www.gstatic.com/recaptcha/releases/gWN_U6xTIPevg0vuq7g1hct0/recaptcha__ru.html]
[blockchainwalletrestore.com/img/favicons-b0919a0b68/favicon.html]
[blockchainwalletrestore.com/img/favicons-b0919a0b68/favicon-16x16.html]
[blockchainwalletrestore.com/img/favicons-b0919a0b68/favicon-32x32.html]
[blockchainwalletrestore.com/img/favicons-b0919a0b68/favicon-48x48.html]
[blockchainwalletrestore.com/img/favicons-b0919a0b68/manifest.html]
[blockchainwalletrestore.com/img/favicons-b0919a0b68/apple-touch-icon-57x57.html]
[blockchainwalletrestore.com/img/favicons-b0919a0b68/apple-touch-icon-60x60.html]
[blockchainwalletrestore.com/img/favicons-b0919a0b68/apple-touch-icon-72x72.html]
[blockchainwalletrestore.com/img/favicons-b0919a0b68/apple-touch-icon-76x76.html]
[blockchainwalletrestore.com/img/favicons-b0919a0b68/apple-touch-icon-114x114.html]
[blockchainwalletrestore.com/img/favicons-b0919a0b68/apple-touch-icon-120x120.html]
[blockchainwalletrestore.com/img/favicons-b0919a0b68/apple-touch-icon-144x144.html]
[blockchainwalletrestore.com/img/favicons-b0919a0b68/apple-touch-icon-152x152.html]
[blockchainwalletrestore.com/img/favicons-b0919a0b68/apple-touch-icon-167x167.html]
[blockchainwalletrestore.com/img/favicons-b0919a0b68/apple-touch-icon-180x180.html]
[blockchainwalletrestore.com/img/favicons-b0919a0b68/apple-touch-icon-1024x1024.html]
[blockchainwalletrestore.com/img/favicons-b0919a0b68/apple-touch-startup-image-640x1136.html]
[blockchainwalletrestore.com/img/favicons-b0919a0b68/apple-touch-startup-image-750x1334.html]
[blockchainwalletrestore.com/img/favicons-b0919a0b68/apple-touch-startup-image-828x1792.html]
[blockchainwalletrestore.com/img/favicons-b0919a0b68/apple-touch-startup-image-1125x2436.html]
[blockchainwalletrestore.com/img/favicons-b0919a0b68/apple-touch-startup-image-1242x2208.html]
[blockchainwalletrestore.com/img/favicons-b0919a0b68/apple-touch-startup-image-1242x2688.html]
[blockchainwalletrestore.com/img/favicons-b0919a0b68/apple-touch-startup-image-1536x2048.html]
[blockchainwalletrestore.com/img/favicons-b0919a0b68/apple-touch-startup-image-1668x2224.html]
[blockchainwalletrestore.com/img/favicons-b0919a0b68/apple-touch-startup-image-1668x2388.html]
[blockchainwalletrestore.com/img/favicons-b0919a0b68/apple-touch-startup-image-2048x2732.html]
[blockchainwalletrestore.com/img/favicons-b0919a0b68/apple-touch-startup-image-1620x2160.html]
[blockchainwalletrestore.com/img/favicons-b0919a0b68/apple-touch-startup-image-1136x640.html]
[blockchainwalletrestore.com/img/favicons-b0919a0b68/apple-touch-startup-image-1334x750.html]
[blockchainwalletrestore.com/img/favicons-b0919a0b68/apple-touch-startup-image-1792x828.html]
[blockchainwalletrestore.com/img/favicons-b0919a0b68/apple-touch-startup-image-2436x1125.html]
[blockchainwalletrestore.com/img/favicons-b0919a0b68/apple-touch-startup-image-2208x1242.html]
[blockchainwalletrestore.com/img/favicons-b0919a0b68/apple-touch-startup-image-2688x1242.html]
[blockchainwalletrestore.com/img/favicons-b0919a0b68/apple-touch-startup-image-2048x1536.html]
[blockchainwalletrestore.com/img/favicons-b0919a0b68/apple-touch-startup-image-2224x1668.html]
[blockchainwalletrestore.com/img/favicons-b0919a0b68/apple-touch-startup-image-2388x1668.html]
[blockchainwalletrestore.com/img/favicons-b0919a0b68/apple-touch-startup-image-2732x2048.html]
[blockchainwalletrestore.com/img/favicons-b0919a0b68/apple-touch-startup-image-2160x1620.html]
[blockchainwalletrestore.com/img/favicons-b0919a0b68/coast-228x228.html]
[blockchainwalletrestore.com/img/favicons-b0919a0b68/yandex-browser-manifest.html]
[blockchainwalletrestore.com/runtime.c19ecdb9.html]
[blockchainwalletrestore.com/app.c19ecdb9.html]
[blockchainwalletrestore.com/script.js]
